2024-06-27 00:41:06.953 [main] INFO  Main - Inicio do programa
2024-06-27 00:41:53.101 [main] INFO  Main - Inicio do programa
2024-06-27 01:18:02.006 [main] INFO  Main - Inicio do programa
2024-06-27 01:18:38.842 [main] INFO  controllers.Cadastro - Cadastro de usuário realizado
2024-06-27 01:52:39.840 [main] INFO  Main - Inicio do programa
2024-06-27 01:58:41.119 [main] INFO  Main - Inicio do programa
2024-06-27 01:59:05.525 [main] INFO  Main - Inicio do programa
2024-06-27 02:07:02.872 [main] INFO  Main - Inicio do programa
2024-06-27 02:10:51.608 [main] INFO  Main - Inicio do programa
2024-06-27 02:11:16.928 [main] INFO  controllers.Cadastro - Livro adicionado
2024-06-27 02:18:43.916 [main] INFO  Main - Inicio do programa
2024-06-27 02:18:58.098 [main] INFO  controllers.Cadastro - Cadastro de usuário realizado
2024-06-27 02:24:30.126 [main] INFO  Main - Inicio do programa
2024-06-27 02:40:21.822 [main] INFO  Main - Inicio do programa
2024-06-27 02:44:30.486 [main] INFO  Main - Inicio do programa
2024-06-27 02:54:32.773 [main] INFO  Main - Inicio do programa
2024-06-27 02:56:20.341 [main] INFO  Main - Inicio do programa
2024-06-27 02:57:39.615 [main] INFO  Main - Inicio do programa
2024-06-27 03:00:24.865 [main] INFO  Main - Inicio do programa
2024-06-27 03:01:25.244 [main] INFO  Main - Inicio do programa
2024-06-27 03:02:38.673 [main] INFO  Main - Inicio do programa
2024-06-27 03:12:15.323 [main] INFO  Main - Inicio do programa
2024-06-27 03:18:03.669 [main] INFO  Main - Inicio do programa
2024-06-27 03:22:24.933 [main] INFO  Main - Inicio do programa
2024-06-27 03:24:08.042 [main] INFO  Main - Inicio do programa
2024-06-27 03:27:01.115 [main] INFO  Main - Inicio do programa
2024-06-27 03:45:11.187 [main] INFO  Main - Inicio do programa
2024-06-27 03:49:32.217 [main] INFO  Main - Inicio do programa
2024-06-27 03:51:33.024 [main] INFO  Main - Inicio do programa
2024-06-27 03:52:06.537 [main] INFO  controllers.Cadastro - Saldo adicionado
2024-06-27 04:15:14.384 [main] INFO  Main - Inicio do programa
2024-06-27 05:02:46.021 [main] INFO  Main - Inicio do programa
2024-06-27 05:03:06.238 [main] INFO  controllers.Cadastro - Livro adicionado
2024-06-27 05:03:22.136 [main] INFO  controllers.Cadastro - Saldo adicionado
2024-06-27 05:06:10.627 [main] INFO  Main - Inicio do programa
2024-06-27 05:06:31.158 [main] INFO  controllers.Cadastro - Livro adicionado
2024-06-27 05:07:36.011 [main] INFO  controllers.Cadastro - Saldo adicionado
2024-06-27 05:10:52.672 [main] INFO  Main - Inicio do programa
2024-06-27 05:11:11.991 [main] INFO  controllers.Cadastro - Livro adicionado
2024-06-27 05:11:21.872 [main] INFO  Main - Inicio do programa
2024-06-27 05:11:40.614 [main] INFO  controllers.Cadastro - Livro adicionado
2024-06-27 05:12:25.649 [main] INFO  controllers.Cadastro - Saldo adicionado
2024-06-27 05:15:46.259 [main] INFO  Main - Inicio do programa
2024-06-27 05:15:52.212 [main] INFO  Main - Inicio do programa
2024-06-27 05:16:13.831 [main] INFO  controllers.Cadastro - Livro adicionado
2024-06-27 05:16:27.337 [main] INFO  controllers.Cadastro - Saldo adicionado
2024-06-27 05:21:38.633 [main] INFO  Main - Inicio do programa
2024-06-27 05:21:53.725 [main] INFO  controllers.Cadastro - Livro adicionado
2024-06-27 05:44:06.467 [main] INFO  Main - Inicio do programa
2024-06-27 05:44:21.456 [main] INFO  controllers.Cadastro - Livro adicionado
2024-06-27 05:45:09.025 [main] INFO  Main - Inicio do programa
2024-06-27 05:45:21.417 [main] INFO  controllers.Cadastro - Livro adicionado
2024-06-27 05:48:32.790 [main] INFO  Main - Inicio do programa
2024-06-27 05:48:45.873 [main] INFO  controllers.Cadastro - Livro adicionado
2024-06-27 05:56:57.052 [main] INFO  Main - Inicio do programa
2024-06-27 05:57:07.482 [main] INFO  controllers.Cadastro - Livro adicionado
2024-06-27 05:57:18.852 [main] INFO  controllers.Cadastro - Saldo adicionado
2024-06-27 05:58:00.966 [main] INFO  Main - Inicio do programa
2024-06-27 05:58:14.565 [main] INFO  controllers.Cadastro - Livro adicionado
2024-06-27 05:58:26.381 [main] INFO  controllers.Cadastro - Saldo adicionado
2024-06-27 05:59:38.078 [main] INFO  Main - Inicio do programa
2024-06-27 05:59:51.265 [main] INFO  controllers.Cadastro - Livro adicionado
2024-06-27 06:00:00.904 [main] INFO  Main - Inicio do programa
2024-06-27 06:00:15.898 [main] INFO  controllers.Cadastro - Livro adicionado
2024-06-27 06:00:22.503 [main] INFO  controllers.Cadastro - Livro adicionado
2024-06-27 06:00:38.741 [main] INFO  controllers.Cadastro - Saldo adicionado
2024-06-27 06:01:08.388 [main] INFO  controllers.Cadastro - Cadastro de usuário realizado
2024-06-27 06:01:22.446 [main] INFO  controllers.Cadastro - Saldo adicionado
2024-06-27 06:02:36.981 [main] INFO  Main - Inicio do programa
2024-06-27 06:02:51.921 [main] INFO  controllers.Cadastro - Livro adicionado
2024-06-27 06:03:05.748 [main] INFO  controllers.Cadastro - Saldo adicionado
2024-06-27 14:30:19.996 [main] INFO  Main - Inicio do programa
2024-06-27 14:30:55.637 [main] INFO  models.interfaceView - Um novo Livro foi adicionado!
2024-06-27 14:30:55.660 [main] INFO  controllers.Cadastro - Livro adicionado
2024-06-27 14:31:39.138 [main] INFO  controllers.Cadastro - Cadastro de usuário realizado
2024-06-27 14:32:00.043 [main] INFO  controllers.Cadastro - Saldo adicionado
2024-06-27 14:43:23.491 [main] INFO  Main - Inicio do programa
2024-06-27 14:43:51.533 [main] INFO  models.interfaceView - Um novo Livro foi adicionado!
2024-06-27 14:43:51.545 [main] INFO  controllers.Cadastro - Livro adicionado
2024-06-27 14:44:08.773 [main] INFO  controllers.Cadastro - Saldo adicionado
